\BOOKMARK [0][]{chapter*.1}{\376\377\000D\000i\000s\000c\000l\000a\000i\000m\000e\000r}{}% 1
\BOOKMARK [0][]{chapter*.2}{\376\377\000A\000c\000k\000n\000o\000w\000l\000e\000d\000g\000e\000m\000e\000n\000t\000s}{}% 2
\BOOKMARK [-1][]{part.3}{\376\377\000I\000\040\000M\000.\000T\000e\000c\000h\000\040\000A\000d\000m\000i\000s\000s\000i\000o\000n\000s}{}% 3
\BOOKMARK [0][]{chapter.4}{\376\377\000C\000o\000u\000n\000s\000e\000l\000i\000n\000g\000\040\000\046\000\040\000A\000d\000m\000i\000s\000s\000i\000o\000n\000\040\000P\000r\000o\000c\000e\000s\000s}{part.3}% 4
\BOOKMARK [1][]{section.5}{\376\377\000O\000v\000e\000r\000v\000i\000e\000w\000\040\000o\000f\000\040\000t\000h\000e\000\040\000T\000w\000o\000\040\000P\000o\000r\000t\000a\000l\000s}{chapter.4}% 5
\BOOKMARK [1][]{section.6}{\376\377\000T\000h\000e\000\040\000C\000O\000A\000P\000\040\000P\000r\000o\000c\000e\000s\000s\000\040\000\050\000I\000I\000T\000s\000\040\000\046\000\040\000I\000I\000S\000c\000\051}{chapter.4}% 6
\BOOKMARK [2][]{subsection.7}{\376\377\000S\000t\000e\000p\000-\000b\000y\000-\000S\000t\000e\000p\000\040\000W\000o\000r\000k\000f\000l\000o\000w}{section.6}% 7
\BOOKMARK [2][]{subsection.14}{\376\377\000I\000n\000t\000e\000r\000v\000i\000e\000w\000s\000\040\000a\000t\000\040\000I\000I\000T\000s\000:\000\040\000W\000h\000i\000c\000h\000\040\000I\000n\000s\000t\000i\000t\000u\000t\000e\000s\000\040\000R\000e\000q\000u\000i\000r\000e\000\040\000T\000h\000e\000m\000?}{section.6}% 8
\BOOKMARK [1][]{section.15}{\376\377\000T\000h\000e\000\040\000C\000C\000M\000T\000\040\000P\000r\000o\000c\000e\000s\000s\000\040\000\050\000N\000I\000T\000s\000\040\000\046\000\040\000C\000F\000T\000I\000s\000\051}{chapter.4}% 9
\BOOKMARK [1][]{section.16}{\376\377\000C\000F\000T\000I\000\040\000M\000o\000d\000e\000\040\000A\000d\000m\000i\000s\000s\000i\000o\000n\000s}{chapter.4}% 10
\BOOKMARK [1][]{section.17}{\376\377\000D\000o\000c\000u\000m\000e\000n\000t\000s\000\040\000R\000e\000q\000u\000i\000r\000e\000d}{chapter.4}% 11
\BOOKMARK [1][]{section.18}{\376\377\000K\000e\000y\000\040\000D\000a\000t\000e\000s\000\040\000\046\000\040\000T\000i\000m\000e\000l\000i\000n\000e}{chapter.4}% 12
\BOOKMARK [1][]{section.19}{\376\377\000F\000r\000e\000q\000u\000e\000n\000t\000l\000y\000\040\000A\000s\000k\000e\000d\000\040\000Q\000u\000e\000s\000t\000i\000o\000n\000s}{chapter.4}% 13
\BOOKMARK [0][]{chapter.20}{\376\377\000C\000o\000l\000l\000e\000g\000e\000\040\000\046\000\040\000B\000r\000a\000n\000c\000h\000\040\000S\000e\000l\000e\000c\000t\000i\000o\000n}{part.3}% 14
\BOOKMARK [1][]{section.21}{\376\377\000T\000o\000p\000\040\000I\000n\000s\000t\000i\000t\000u\000t\000e\000s\000\040\000f\000o\000r\000\040\000V\000L\000S\000I\000\040\000/\000\040\000E\000C\000E}{chapter.20}% 15
\BOOKMARK [1][]{section.22}{\376\377\000B\000e\000s\000t\000\040\000I\000I\000T\000\040\000f\000o\000r\000\040\000A\000n\000a\000l\000o\000g\000\040\000R\000o\000l\000e\000s}{chapter.20}% 16
\BOOKMARK [1][]{section.23}{\376\377\000T\000o\000p\000\040\000C\000o\000u\000r\000s\000e\000s\000\040\000a\000t\000\040\000I\000I\000S\000c\000\040\000b\000y\000\040\000P\000l\000a\000c\000e\000m\000e\000n\000t}{chapter.20}% 17
\BOOKMARK [1][]{section.24}{\376\377\000P\000u\000r\000e\000\040\000V\000L\000S\000I\000\040\000v\000s\000.\000\040\000R\000e\000l\000a\000t\000e\000d\000\040\000F\000i\000e\000l\000d\000s}{chapter.20}% 18
\BOOKMARK [1][]{section.25}{\376\377\000N\000I\000T\000\040\000T\000r\000i\000c\000h\000y\000\040\000\050\000C\000o\000m\000m\000u\000n\000i\000c\000a\000t\000i\000o\000n\000\051\000\040\000v\000s\000.\000\040\000N\000I\000T\000\040\000C\000a\000l\000i\000c\000u\000t\000\040\000\050\000V\000L\000S\000I\000\051}{chapter.20}% 19
\BOOKMARK [0][]{chapter.26}{\376\377\000G\000A\000T\000E\000\040\000S\000c\000o\000r\000e\000\040\000\046\000\040\000C\000u\000t\000o\000f\000f\000\040\000A\000n\000a\000l\000y\000s\000i\000s}{part.3}% 20
\BOOKMARK [1][]{section.27}{\376\377\000I\000I\000T\000\040\000/\000\040\000I\000I\000S\000c\000\040\000C\000u\000t\000o\000f\000f\000s\000\040\000f\000o\000r\000\040\000V\000L\000S\000I\000\040\000B\000r\000a\000n\000c\000h\000e\000s}{chapter.26}% 21
\BOOKMARK [1][]{section.28}{\376\377\000O\000f\000f\000i\000c\000i\000a\000l\000\040\000C\000u\000t\000o\000f\000f\000\040\000R\000e\000f\000e\000r\000e\000n\000c\000e\000s}{chapter.26}% 22
\BOOKMARK [1][]{section.29}{\376\377\000P\000S\000U\000\040\000C\000u\000t\000o\000f\000f\000\040\000R\000e\000f\000e\000r\000e\000n\000c\000e}{chapter.26}% 23
\BOOKMARK [1][]{section.30}{\376\377\000L\000o\000w\000\040\000S\000c\000o\000r\000e\000\040\000O\000p\000t\000i\000o\000n\000s\000\040\000\050\0004\0000\000\040\000m\000a\000r\000k\000s\000\040\000/\000\040\0005\0006\0000\000\040\000s\000c\000o\000r\000e\000\051}{chapter.26}% 24
\BOOKMARK [0][]{chapter.31}{\376\377\000F\000i\000n\000a\000n\000c\000i\000a\000l\000\040\000\046\000\040\000L\000o\000a\000n\000-\000R\000e\000l\000a\000t\000e\000d\000\040\000Q\000u\000e\000r\000i\000e\000s}{part.3}% 25
\BOOKMARK [1][]{section.32}{\376\377\000F\000e\000e\000\040\000W\000a\000i\000v\000e\000r\000s\000\040\000\046\000\040\000S\000c\000h\000o\000l\000a\000r\000s\000h\000i\000p\000s}{chapter.31}% 26
\BOOKMARK [1][]{section.33}{\376\377\000A\000d\000m\000i\000s\000s\000i\000o\000n\000\040\000F\000e\000e\000\040\000M\000a\000n\000a\000g\000e\000m\000e\000n\000t}{chapter.31}% 27
\BOOKMARK [1][]{section.34}{\376\377\000S\000e\000l\000f\000-\000S\000p\000o\000n\000s\000o\000r\000e\000d\000\040\000C\000o\000u\000r\000s\000e\000s}{chapter.31}% 28
\BOOKMARK [0][]{chapter.35}{\376\377\000R\000e\000s\000e\000a\000r\000c\000h\000\040\000\046\000\040\000M\000S\000\040\000P\000r\000o\000g\000r\000a\000m\000s}{part.3}% 29
\BOOKMARK [1][]{section.36}{\376\377\000M\000.\000T\000e\000c\000h\000\040\000R\000e\000s\000e\000a\000r\000c\000h\000\040\000v\000s\000.\000\040\000M\000.\000T\000e\000c\000h\000\040\000\050\0002\000-\000Y\000e\000a\000r\000\051}{chapter.35}% 30
\BOOKMARK [1][]{section.37}{\376\377\000S\000h\000o\000u\000l\000d\000\040\000I\000\040\000P\000u\000r\000s\000u\000e\000\040\000M\000S\000\040\000w\000i\000t\000h\000\040\000a\000\040\000L\000o\000w\000\040\000G\000A\000T\000E\000\040\000S\000c\000o\000r\000e\000?}{chapter.35}% 31
\BOOKMARK [1][]{section.38}{\376\377\000S\000t\000a\000t\000e\000m\000e\000n\000t\000\040\000o\000f\000\040\000P\000u\000r\000p\000o\000s\000e\000\040\000\050\000S\000O\000P\000\051}{chapter.35}% 32
\BOOKMARK [1][]{section.39}{\376\377\000S\000c\000o\000p\000e\000\040\000o\000f\000\040\000M\000.\000T\000e\000c\000h\000\040\000R\000e\000s\000e\000a\000r\000c\000h\000\040\000i\000n\000\040\000E\000C\000E\000\040\000a\000t\000\040\000I\000I\000S\000c}{chapter.35}% 33
\BOOKMARK [0][]{chapter.40}{\376\377\000D\000r\000o\000p\000\040\000Y\000e\000a\000r\000\040\000\046\000\040\000C\000a\000r\000e\000e\000r\000\040\000G\000u\000i\000d\000a\000n\000c\000e}{part.3}% 34
\BOOKMARK [1][]{section.41}{\376\377\000S\000h\000o\000u\000l\000d\000\040\000I\000\040\000T\000a\000k\000e\000\040\000a\000\040\000D\000r\000o\000p\000?}{chapter.40}% 35
\BOOKMARK [1][]{section.42}{\376\377\000W\000h\000a\000t\000\040\000I\000f\000\040\000I\000\040\000D\000o\000n\000'\000t\000\040\000Q\000u\000a\000l\000i\000f\000y\000\040\000f\000o\000r\000\040\000G\000A\000T\000E\000?}{chapter.40}% 36
\BOOKMARK [1][]{section.43}{\376\377\000S\000S\000C\000\040\000J\000E\000\040\000A\000l\000o\000n\000g\000s\000i\000d\000e\000\040\000M\000.\000T\000e\000c\000h\000?}{chapter.40}% 37
\BOOKMARK [1][]{section.44}{\376\377\000O\000t\000h\000e\000r\000\040\000O\000p\000t\000i\000o\000n\000s\000\040\000I\000f\000\040\000N\000o\000t\000\040\000I\000I\000T\000/\000N\000I\000T}{chapter.40}% 38
\BOOKMARK [0][]{chapter.45}{\376\377\000I\000n\000s\000t\000i\000t\000u\000t\000e\000-\000W\000i\000s\000e\000\040\000P\000r\000o\000g\000r\000a\000m\000\040\000P\000r\000o\000f\000i\000l\000e\000s}{part.3}% 39
\BOOKMARK [1][]{section.46}{\376\377\000I\000I\000S\000c\000\040\000B\000a\000n\000g\000a\000l\000o\000r\000e}{chapter.45}% 40
\BOOKMARK [1][]{section.47}{\376\377\000I\000I\000T\000\040\000D\000e\000l\000h\000i}{chapter.45}% 41
\BOOKMARK [1][]{section.48}{\376\377\000I\000I\000T\000\040\000K\000a\000n\000p\000u\000r}{chapter.45}% 42
\BOOKMARK [1][]{section.49}{\376\377\000I\000I\000T\000\040\000K\000h\000a\000r\000a\000g\000p\000u\000r}{chapter.45}% 43
\BOOKMARK [1][]{section.50}{\376\377\000I\000I\000T\000\040\000R\000o\000o\000r\000k\000e\000e}{chapter.45}% 44
\BOOKMARK [1][]{section.51}{\376\377\000I\000I\000T\000\040\000G\000u\000w\000a\000h\000a\000t\000i}{chapter.45}% 45
\BOOKMARK [1][]{section.52}{\376\377\000I\000I\000T\000\040\000H\000y\000d\000e\000r\000a\000b\000a\000d}{chapter.45}% 46
\BOOKMARK [1][]{section.53}{\376\377\000O\000t\000h\000e\000r\000\040\000I\000I\000T\000s\000\040\040\024\000\040\000Q\000u\000i\000c\000k\000\040\000R\000e\000f\000e\000r\000e\000n\000c\000e}{chapter.45}% 47
\BOOKMARK [1][]{section.54}{\376\377\000C\000O\000A\000P\000\040\000A\000d\000m\000i\000s\000s\000i\000o\000n\000\040\000F\000l\000o\000w\000c\000h\000a\000r\000t}{chapter.45}% 48
\BOOKMARK [0][]{chapter.56}{\376\377\000A\000l\000t\000e\000r\000n\000a\000t\000i\000v\000e\000\040\000O\000p\000t\000i\000o\000n\000s\000\040\000f\000o\000r\000\040\000M\000.\000T\000e\000c\000h}{part.3}% 49
\BOOKMARK [1][]{section.57}{\376\377\000B\000I\000T\000S\000\040\000P\000i\000l\000a\000n\000i\000\040\040\024\000\040\000H\000i\000g\000h\000e\000r\000\040\000D\000e\000g\000r\000e\000e\000\040\000\050\000H\000D\000\051\000\040\000P\000r\000o\000g\000r\000a\000m}{chapter.56}% 50
\BOOKMARK [1][]{section.58}{\376\377\000I\000I\000I\000T\000\040\000H\000y\000d\000e\000r\000a\000b\000a\000d\000\040\040\024\000\040\000P\000G\000E\000E}{chapter.56}% 51
\BOOKMARK [1][]{section.59}{\376\377\000I\000I\000I\000T\000\040\000D\000e\000l\000h\000i}{chapter.56}% 52
\BOOKMARK [1][]{section.60}{\376\377\000O\000t\000h\000e\000r\000\040\000A\000l\000t\000e\000r\000n\000a\000t\000i\000v\000e\000s}{chapter.56}% 53
\BOOKMARK [1][]{section.61}{\376\377\000M\000a\000s\000t\000e\000r\000s\000\040\000i\000n\000\040\000P\000o\000w\000e\000r\000\040\000E\000l\000e\000c\000t\000r\000o\000n\000i\000c\000s\000\040\000f\000r\000o\000m\000\040\000I\000I\000T\000s}{chapter.56}% 54
\BOOKMARK [-1][]{part.62}{\376\377\000I\000I\000\040\000P\000S\000U\000\040\000R\000e\000c\000r\000u\000i\000t\000m\000e\000n\000t}{}% 55
\BOOKMARK [0][]{chapter.63}{\376\377\000P\000S\000U\000\040\000R\000e\000c\000r\000u\000i\000t\000m\000e\000n\000t\000\040\000\046\000\040\000P\000r\000e\000p\000a\000r\000a\000t\000i\000o\000n}{part.62}% 56
\BOOKMARK [1][]{section.64}{\376\377\000O\000v\000e\000r\000v\000i\000e\000w\000\040\000o\000f\000\040\000P\000S\000U\000\040\000R\000e\000c\000r\000u\000i\000t\000m\000e\000n\000t\000\040\000M\000o\000d\000e\000s}{chapter.63}% 57
\BOOKMARK [1][]{section.65}{\376\377\000R\000e\000c\000r\000u\000i\000t\000m\000e\000n\000t\000\040\000P\000r\000o\000c\000e\000s\000s\000\040\000\050\000S\000t\000e\000p\000-\000b\000y\000-\000S\000t\000e\000p\000\051}{chapter.63}% 58
\BOOKMARK [1][]{section.71}{\376\377\000S\000c\000o\000r\000e\000\040\000W\000e\000i\000g\000h\000t\000a\000g\000e\000\040\000B\000r\000e\000a\000k\000d\000o\000w\000n}{chapter.63}% 59
\BOOKMARK [1][]{section.72}{\376\377\000R\000a\000n\000k\000-\000w\000i\000s\000e\000\040\000P\000S\000U\000\040\000E\000x\000p\000e\000c\000t\000a\000t\000i\000o\000n\000\040\000\050\000E\000C\000E\000,\000\040\000O\000B\000C\000\040\000C\000a\000t\000e\000g\000o\000r\000y\000\051}{chapter.63}% 60
\BOOKMARK [1][]{section.73}{\376\377\000C\000a\000r\000e\000e\000r\000\040\000G\000r\000o\000w\000t\000h\000\040\000i\000n\000\040\000P\000S\000U\000s}{chapter.63}% 61
\BOOKMARK [1][]{section.74}{\376\377\000P\000S\000U\000\040\000I\000n\000t\000e\000r\000v\000i\000e\000w\000\040\000P\000r\000e\000p\000a\000r\000a\000t\000i\000o\000n\000\040\000S\000t\000r\000a\000t\000e\000g\000y}{chapter.63}% 62
\BOOKMARK [2][]{subsection.75}{\376\377\000T\000e\000c\000h\000n\000i\000c\000a\000l\000\040\000P\000r\000e\000p\000a\000r\000a\000t\000i\000o\000n}{section.74}% 63
\BOOKMARK [2][]{subsection.76}{\376\377\000N\000o\000n\000-\000T\000e\000c\000h\000n\000i\000c\000a\000l\000\040\000/\000\040\000H\000R\000\040\000P\000r\000e\000p\000a\000r\000a\000t\000i\000o\000n}{section.74}% 64
\BOOKMARK [2][]{subsection.77}{\376\377\000M\000.\000T\000e\000c\000h\000\040\000v\000s\000.\000\040\000D\000i\000r\000e\000c\000t\000\040\000P\000S\000U}{section.74}% 65
\BOOKMARK [1][]{section.78}{\376\377\000F\000r\000e\000q\000u\000e\000n\000t\000l\000y\000\040\000A\000s\000k\000e\000d\000\040\000Q\000u\000e\000s\000t\000i\000o\000n\000s}{chapter.63}% 66
\BOOKMARK [0][]{chapter.79}{\376\377\000I\000n\000t\000e\000r\000v\000i\000e\000w\000\040\000P\000r\000e\000p\000a\000r\000a\000t\000i\000o\000n}{part.62}% 67
\BOOKMARK [1][]{section.80}{\376\377\000G\000e\000n\000e\000r\000a\000l\000\040\000S\000t\000r\000a\000t\000e\000g\000y}{chapter.79}% 68
\BOOKMARK [2][]{subsection.81}{\376\377\000F\000o\000r\000\040\000M\000.\000T\000e\000c\000h\000\040\000I\000n\000t\000e\000r\000v\000i\000e\000w\000s\000\040\000\050\000I\000I\000T\000s\000\051}{section.80}% 69
\BOOKMARK [2][]{subsection.82}{\376\377\000F\000o\000r\000\040\000M\000.\000T\000e\000c\000h\000\040\000R\000e\000s\000e\000a\000r\000c\000h\000\040\000/\000\040\000M\000S\000\040\000R\000A\000\040\000I\000n\000t\000e\000r\000v\000i\000e\000w\000s}{section.80}% 70
\BOOKMARK [2][]{subsection.83}{\376\377\000F\000o\000r\000\040\000P\000S\000U\000\040\000I\000n\000t\000e\000r\000v\000i\000e\000w\000s}{section.80}% 71
\BOOKMARK [1][]{section.84}{\376\377\000B\000r\000a\000n\000c\000h\000-\000w\000i\000s\000e\000\040\000F\000o\000c\000u\000s\000\040\000A\000r\000e\000a\000s}{chapter.79}% 72
\BOOKMARK [1][]{section.85}{\376\377\000R\000e\000c\000o\000m\000m\000e\000n\000d\000e\000d\000\040\000P\000r\000e\000p\000a\000r\000a\000t\000i\000o\000n\000\040\000R\000e\000s\000o\000u\000r\000c\000e\000s}{chapter.79}% 73
\BOOKMARK [1][]{section.86}{\376\377\000P\000r\000e\000p\000a\000r\000i\000n\000g\000\040\000f\000o\000r\000\040\000t\000h\000e\000\040\000I\000A\000P\000\040\000B\000r\000a\000n\000c\000h}{chapter.79}% 74
\BOOKMARK [1][]{section.87}{\376\377\000F\000r\000e\000q\000u\000e\000n\000t\000l\000y\000\040\000A\000s\000k\000e\000d\000\040\000Q\000u\000e\000s\000t\000i\000o\000n\000s}{chapter.79}% 75
\BOOKMARK [0][]{appendix.88}{\376\377\000T\000e\000c\000h\000n\000i\000c\000a\000l\000\040\000I\000n\000t\000e\000r\000v\000i\000e\000w\000\040\000Q\000u\000e\000s\000t\000i\000o\000n\000\040\000B\000a\000n\000k}{part.62}% 76
\BOOKMARK [1][]{section.89}{\376\377\000D\000i\000g\000i\000t\000a\000l\000\040\000C\000i\000r\000c\000u\000i\000t\000s}{appendix.88}% 77
\BOOKMARK [2][]{subsection.90}{\376\377\000N\000u\000m\000b\000e\000r\000\040\000S\000y\000s\000t\000e\000m\000s\000\040\000\046\000\040\000R\000e\000p\000r\000e\000s\000e\000n\000t\000a\000t\000i\000o\000n}{section.89}% 78
\BOOKMARK [2][]{subsection.101}{\376\377\000C\000o\000m\000b\000i\000n\000a\000t\000i\000o\000n\000a\000l\000\040\000\046\000\040\000S\000e\000q\000u\000e\000n\000t\000i\000a\000l\000\040\000L\000o\000g\000i\000c}{section.89}% 79
\BOOKMARK [1][]{section.106}{\376\377\000A\000n\000a\000l\000o\000g\000\040\000C\000i\000r\000c\000u\000i\000t\000s}{appendix.88}% 80
\BOOKMARK [2][]{subsection.107}{\376\377\000O\000s\000c\000i\000l\000l\000a\000t\000o\000r\000s\000\040\000\046\000\040\000F\000e\000e\000d\000b\000a\000c\000k}{section.106}% 81
\BOOKMARK [2][]{subsection.113}{\376\377\000C\000o\000n\000t\000r\000o\000l\000\040\000S\000y\000s\000t\000e\000m\000s\000\040\000\050\000A\000n\000a\000l\000o\000g\000\040\000C\000o\000n\000t\000e\000x\000t\000\051}{section.106}% 82
\BOOKMARK [2][]{subsection.117}{\376\377\000O\000p\000-\000A\000m\000p\000\040\000C\000i\000r\000c\000u\000i\000t\000s}{section.106}% 83
\BOOKMARK [2][]{subsection.120}{\376\377\000D\000i\000f\000f\000e\000r\000e\000n\000t\000i\000a\000l\000\040\000A\000m\000p\000l\000i\000f\000i\000e\000r\000s}{section.106}% 84
\BOOKMARK [1][]{section.124}{\376\377\000P\000o\000w\000e\000r\000\040\000S\000y\000s\000t\000e\000m\000s\000\040\000\050\000E\000E\000\040\000D\000o\000m\000a\000i\000n\000\051}{appendix.88}% 85
\BOOKMARK [1][]{section.130}{\376\377\000I\000I\000S\000c\000\040\000A\000n\000a\000l\000o\000g\000\040\000D\000o\000m\000a\000i\000n\000\040\000I\000n\000t\000e\000r\000v\000i\000e\000w\000\040\000\050\000S\000a\000m\000p\000l\000e\000\040\000S\000e\000s\000s\000i\000o\000n\000\051}{appendix.88}% 86
\BOOKMARK [1][]{section.131}{\376\377\000I\000I\000S\000c\000\040\000D\000i\000g\000i\000t\000a\000l\000\040\000D\000o\000m\000a\000i\000n\000\040\000I\000n\000t\000e\000r\000v\000i\000e\000w\000\040\000\050\000S\000a\000m\000p\000l\000e\000\040\000S\000e\000s\000s\000i\000o\000n\000\051}{appendix.88}% 87
\BOOKMARK [0][]{appendix.132}{\376\377\000S\000t\000u\000d\000e\000n\000t\000\040\000I\000n\000t\000e\000r\000v\000i\000e\000w\000\040\000E\000x\000p\000e\000r\000i\000e\000n\000c\000e\000s}{part.62}% 88
\BOOKMARK [1][]{section.133}{\376\377\000H\000o\000w\000\040\000t\000o\000\040\000C\000o\000n\000t\000r\000i\000b\000u\000t\000e\000\040\000Y\000o\000u\000r\000\040\000E\000x\000p\000e\000r\000i\000e\000n\000c\000e}{appendix.132}% 89
\BOOKMARK [1][]{section.134}{\376\377\000E\000x\000p\000e\000r\000i\000e\000n\000c\000e\000\040\000T\000e\000m\000p\000l\000a\000t\000e\000\040\000R\000e\000f\000e\000r\000e\000n\000c\000e}{appendix.132}% 90
\BOOKMARK [1][]{section.135}{\376\377\000I\000I\000S\000c\000\040\000B\000a\000n\000g\000a\000l\000o\000r\000e}{appendix.132}% 91
\BOOKMARK [1][]{section.136}{\376\377\000I\000I\000T\000\040\000D\000e\000l\000h\000i}{appendix.132}% 92
\BOOKMARK [1][]{section.137}{\376\377\000I\000I\000T\000\040\000B\000o\000m\000b\000a\000y}{appendix.132}% 93
